Using pre-set license
Built from '2021.3/respin/2021.3.57f1-0329e0aded79' branch; Version is '2021.3.57f2 (45bc4c630002) revision 4570188'; Using compiler version '192829333'; Build Type 'Release'
OS: 'Windows 10  (10.0.19045) 64bit Professional' Language: 'zh' Physical Memory: 16302 MB
BatchMode: 1, IsHumanControllingUs: 0, StartBugReporterOnCrash: 0, Is64bit: 1, IsPro: 1

COMMAND LINE ARGUMENTS:
D:\Unity\editor\2021.3.57f2\Editor\Unity.exe
-adb2
-batchMode
-noUpm
-name
AssetImportWorker0
-projectPath
D:/My_Project/Test-Project/Shader
-logFile
Logs/AssetImportWorker0.log
-srvPort
55415
Successfully changed project path to: D:/My_Project/Test-Project/Shader
D:/My_Project/Test-Project/Shader
[UnityMemory] Configuration Parameters - Can be set up in boot.config
    "memorysetup-bucket-allocator-granularity=16"
    "memorysetup-bucket-allocator-bucket-count=8"
    "memorysetup-bucket-allocator-block-size=33554432"
    "memorysetup-bucket-allocator-block-count=8"
    "memorysetup-main-allocator-block-size=16777216"
    "memorysetup-thread-allocator-block-size=16777216"
    "memorysetup-gfx-main-allocator-block-size=16777216"
    "memorysetup-gfx-thread-allocator-block-size=16777216"
    "memorysetup-cache-allocator-block-size=4194304"
    "memorysetup-typetree-allocator-block-size=2097152"
    "memorysetup-profiler-bucket-allocator-granularity=16"
    "memorysetup-profiler-bucket-allocator-bucket-count=8"
    "memorysetup-profiler-bucket-allocator-block-size=33554432"
    "memorysetup-profiler-bucket-allocator-block-count=8"
    "memorysetup-profiler-allocator-block-size=16777216"
    "memorysetup-profiler-editor-allocator-block-size=1048576"
    "memorysetup-temp-allocator-size-main=16777216"
    "memorysetup-job-temp-allocator-block-size=2097152"
    "memorysetup-job-temp-allocator-block-size-background=1048576"
    "memorysetup-job-temp-allocator-reduction-small-platforms=262144"
    "memorysetup-temp-allocator-size-background-worker=32768"
    "memorysetup-temp-allocator-size-job-worker=262144"
    "memorysetup-temp-allocator-size-preload-manager=33554432"
    "memorysetup-temp-allocator-size-nav-mesh-worker=65536"
    "memorysetup-temp-allocator-size-audio-worker=65536"
    "memorysetup-temp-allocator-size-cloud-worker=32768"
    "memorysetup-temp-allocator-size-gi-baking-worker=262144"
    "memorysetup-temp-allocator-size-gfx=262144"
Player connection [19476] Host "[IP] 192.168.16.40 [Port] 0 [Flags] 2 [Guid] 32772922 [EditorId] 32772922 [Version] 1048832 [Id] WindowsEditor(7,DESKTOP-ID05O6G) [Debug] 1 [PackageName] WindowsEditor [ProjectName] Editor" joined multi-casting on [225.0.0.222:54997]...

Player connection [19476] Host "[IP] 192.168.16.40 [Port] 0 [Flags] 2 [Guid] 32772922 [EditorId] 32772922 [Version] 1048832 [Id] WindowsEditor(7,DESKTOP-ID05O6G) [Debug] 1 [PackageName] WindowsEditor [ProjectName] Editor" joined alternative multi-casting on [225.0.0.222:34997]...

[Physics::Module] Initialized MultithreadedJobDispatcher with {0} workers.
Refreshing native plugins compatible for Editor in 110.10 ms, found 3 plugins.
Preloading 0 native plugins for Editor in 0.00 ms.
Initialize engine version: 2021.3.57f2 (45bc4c630002)
[Subsystems] Discovering subsystems at path D:/Unity/editor/2021.3.57f2/Editor/Data/Resources/UnitySubsystems
[Subsystems] Discovering subsystems at path D:/My_Project/Test-Project/Shader/Assets
GfxDevice: creating device client; threaded=0; jobified=0
Direct3D:
    Version:  Direct3D 11.0 [level 11.0]
    Renderer: NVIDIA GeForce GTX 750 Ti (ID=0x1380)
    Vendor:   NVIDIA
    VRAM:     4044 MB
    Driver:   32.0.15.6094
Initialize mono
Mono path[0] = 'D:/Unity/editor/2021.3.57f2/Editor/Data/Managed'
Mono path[1] = 'D:/Unity/editor/2021.3.57f2/Editor/Data/MonoBleedingEdge/lib/mono/unityjit-win32'
Mono config path = 'D:/Unity/editor/2021.3.57f2/Editor/Data/MonoBleedingEdge/etc'
Using monoOptions --debugger-agent=transport=dt_socket,embedding=1,server=y,suspend=n,address=127.0.0.1:56080
Begin MonoManager ReloadAssembly
Registering precompiled unity dll's ...
Register platform support module: D:/Unity/editor/2021.3.57f2/Editor/Data/PlaybackEngines/WindowsStandaloneSupport/UnityEditor.WindowsStandalone.Extensions.dll
Registered in 0.008525 seconds.
Native extension for WindowsStandalone target not found
Refreshing native plugins compatible for Editor in 103.88 ms, found 3 plugins.
Preloading 0 native plugins for Editor in 0.00 ms.
Mono: successfully reloaded assembly
- Completed reload, in  1.420 seconds
Domain Reload Profiling:
	ReloadAssembly (1423ms)
		BeginReloadAssembly (211ms)
			ExecutionOrderSort (0ms)
			DisableScriptedObjects (0ms)
			BackupInstance (0ms)
			ReleaseScriptingObjects (0ms)
			CreateAndSetChildDomain (2ms)
		EndReloadAssembly (1018ms)
			LoadAssemblies (209ms)
			RebuildTransferFunctionScriptingTraits (0ms)
			SetupTypeCache (271ms)
			ReleaseScriptCaches (0ms)
			RebuildScriptCaches (74ms)
			SetupLoadedEditorAssemblies (573ms)
				LogAssemblyErrors (0ms)
				InitializePlatformSupportModulesInManaged (17ms)
				SetLoadedEditorAssemblies (1ms)
				RefreshPlugins (104ms)
				BeforeProcessingInitializeOnLoad (4ms)
				ProcessInitializeOnLoadAttributes (323ms)
				ProcessInitializeOnLoadMethodAttributes (123ms)
				AfterProcessingInitializeOnLoad (0ms)
				EditorAssembliesLoaded (0ms)
			ExecutionOrderSort2 (0ms)
			AwakeInstancesAfterBackupRestoration (0ms)
Platform modules already initialized, skipping
Registering precompiled user dll's ...
Registered in 0.007025 seconds.
Begin MonoManager ReloadAssembly
Native extension for WindowsStandalone target not found
Refreshing native plugins compatible for Editor in 1.78 ms, found 3 plugins.
Preloading 0 native plugins for Editor in 0.00 ms.
Mono: successfully reloaded assembly
- Completed reload, in  2.550 seconds
Domain Reload Profiling:
	ReloadAssembly (2552ms)
		BeginReloadAssembly (295ms)
			ExecutionOrderSort (0ms)
			DisableScriptedObjects (15ms)
			BackupInstance (0ms)
			ReleaseScriptingObjects (0ms)
			CreateAndSetChildDomain (44ms)
		EndReloadAssembly (2033ms)
			LoadAssemblies (208ms)
			RebuildTransferFunctionScriptingTraits (0ms)
			SetupTypeCache (634ms)
			ReleaseScriptCaches (1ms)
			RebuildScriptCaches (134ms)
			SetupLoadedEditorAssemblies (1014ms)
				LogAssemblyErrors (0ms)
				InitializePlatformSupportModulesInManaged (10ms)
				SetLoadedEditorAssemblies (2ms)
				RefreshPlugins (2ms)
				BeforeProcessingInitializeOnLoad (139ms)
				ProcessInitializeOnLoadAttributes (795ms)
				ProcessInitializeOnLoadMethodAttributes (58ms)
				AfterProcessingInitializeOnLoad (8ms)
				EditorAssembliesLoaded (1ms)
			ExecutionOrderSort2 (0ms)
			AwakeInstancesAfterBackupRestoration (24ms)
Platform modules already initialized, skipping
========================================================================
Worker process is ready to serve import requests
Launched and connected shader compiler UnityShaderCompiler.exe after 0.08 seconds
Refreshing native plugins compatible for Editor in 1.04 ms, found 3 plugins.
Preloading 0 native plugins for Editor in 0.00 ms.
Unloading 3223 Unused Serialized files (Serialized files now loaded: 0)
Unloading 24 unused Assets / (46.5 KB). Loaded Objects now: 3682.
Memory consumption went from 110.5 MB to 110.4 MB.
Total: 5.334900 ms (FindLiveObjects: 0.474500 ms CreateObjectMapping: 0.244100 ms MarkObjects: 4.474200 ms  DeleteObjects: 0.132100 ms)

AssetImportParameters requested are different than current active one (requested -> active):
  custom:video-decoder-ogg-theora: a1e56fd34408186e4bbccfd4996cb3dc -> 
  custom:container-muxer-webm: aa71ff27fc2769a1b78a27578f13a17b -> 
  custom:container-demuxer-webm: 4f35f7cbe854078d1ac9338744f61a02 -> 
  custom:video-encoder-webm-vp8: eb34c28f22e8b96e1ab97ce403110664 -> 
  custom:CustomObjectIndexerAttribute: bc11b3a6c3213fcdd17b65e7da85e133 -> 
  custom:audio-encoder-webm-vorbis: bf7c407c2cedff20999df2af8eb42d56 -> 
  custom:framework-win-MediaFoundation: 216162199b28c13a410421893ffa2e32 -> 
  custom:SearchIndexIgnoredProperties: e643bd26f0fe6173181afceb89e7c659 -> 
  custom:container-demuxer-ogg: 62fdf1f143b41e24485cea50d1cbac27 -> 
  custom:video-decoder-webm-vp8: 9c59270c3fd7afecdb556c50c9e8de78 -> 
  custom:audio-decoder-ogg-vorbis: bf7c407c2cedff20999df2af8eb42d56 -> 
========================================================================
Received Import Request.
  Time since last request: 340923.929626 seconds.
  path: Assets/Scripts
  artifactKey: Guid(2e5069372d9d7cb418502f4e29742954) Importer(815301076,1909f56bfc062723c751e8b465ee728b)
Number of updated assets reloaded before import = 0
Start importing Assets/Scripts using Guid(2e5069372d9d7cb418502f4e29742954) Importer(815301076,1909f56bfc062723c751e8b465ee728b)  -> (artifact id: '867fe67315cb1b9d7d6ef7c59b03efcb') in 0.012255 seconds 
Number of asset objects unloaded after import = 0
========================================================================
Received Import Request.
  Time since last request: 39.662361 seconds.
  path: Assets/Scripts/Lesson3.shader
  artifactKey: Guid(9e8126afdf0448748835bae6517f9db9) Importer(815301076,1909f56bfc062723c751e8b465ee728b)
Number of updated assets reloaded before import = 0
Start importing Assets/Scripts/Lesson3.shader using Guid(9e8126afdf0448748835bae6517f9db9) Importer(815301076,1909f56bfc062723c751e8b465ee728b)  -> (artifact id: '52901f5fc10aa74f23eafb80ea8fad9f') in 0.054526 seconds 
Number of asset objects unloaded after import = 1
========================================================================
Received Import Request.
  Time since last request: 108.408295 seconds.
  path: Assets
  artifactKey: Guid(00000000000000001000000000000000) Importer(815301076,1909f56bfc062723c751e8b465ee728b)
Number of updated assets reloaded before import = 0
Start importing Assets using Guid(00000000000000001000000000000000) Importer(815301076,1909f56bfc062723c751e8b465ee728b)  -> (artifact id: '242eb3f8ccddee1d20804eaa3e2360db') in 0.003363 seconds 
Number of asset objects unloaded after import = 0
========================================================================
Received Import Request.
  Time since last request: 32.870880 seconds.
  path: Assets/New Material.mat
  artifactKey: Guid(bf3e5520dfae115439919f1b0909bdc9) Importer(815301076,1909f56bfc062723c751e8b465ee728b)
Number of updated assets reloaded before import = 0
Start importing Assets/New Material.mat using Guid(bf3e5520dfae115439919f1b0909bdc9) Importer(815301076,1909f56bfc062723c751e8b465ee728b)  -> (artifact id: '6f4e22c155158484a67523a3e28446a9') in 0.677911 seconds 
Number of asset objects unloaded after import = 1
========================================================================
Received Import Request.
  Time since last request: 109.391731 seconds.
  path: Assets/Scripts/New Material.mat
  artifactKey: Guid(bf3e5520dfae115439919f1b0909bdc9) Importer(815301076,1909f56bfc062723c751e8b465ee728b)
Number of updated assets reloaded before import = 0
Start importing Assets/Scripts/New Material.mat using Guid(bf3e5520dfae115439919f1b0909bdc9) Importer(815301076,1909f56bfc062723c751e8b465ee728b)  -> (artifact id: '71aaa87b44f5cd777681957d2382d41b') in 0.046062 seconds 
Number of asset objects unloaded after import = 2
========================================================================
Received Import Request.
  Time since last request: 8.897638 seconds.
  path: Assets/Scripts/Lesson3.mat
  artifactKey: Guid(bf3e5520dfae115439919f1b0909bdc9) Importer(815301076,1909f56bfc062723c751e8b465ee728b)
Number of updated assets reloaded before import = 0
Start importing Assets/Scripts/Lesson3.mat using Guid(bf3e5520dfae115439919f1b0909bdc9) Importer(815301076,1909f56bfc062723c751e8b465ee728b)  -> (artifact id: 'afcbad50fac8dafc1d682885d7e420b5') in 0.046417 seconds 
Number of asset objects unloaded after import = 2
========================================================================
Received Import Request.
  Time since last request: 5742.817001 seconds.
  path: Assets/Scripts/Lesson3.mat
  artifactKey: Guid(bf3e5520dfae115439919f1b0909bdc9) Importer(815301076,1909f56bfc062723c751e8b465ee728b)
Number of updated assets reloaded before import = 0
Start importing Assets/Scripts/Lesson3.mat using Guid(bf3e5520dfae115439919f1b0909bdc9) Importer(815301076,1909f56bfc062723c751e8b465ee728b)  -> (artifact id: '98ab61ce25476611c64da8db2bd7dfa7') in 0.370978 seconds 
Number of asset objects unloaded after import = 2
========================================================================
Received Import Request.
  Time since last request: 3099.781902 seconds.
  path: Assets/Scripts/Lesson3.mat
  artifactKey: Guid(bf3e5520dfae115439919f1b0909bdc9) Importer(815301076,1909f56bfc062723c751e8b465ee728b)
Number of updated assets reloaded before import = 0
Start importing Assets/Scripts/Lesson3.mat using Guid(bf3e5520dfae115439919f1b0909bdc9) Importer(815301076,1909f56bfc062723c751e8b465ee728b)  -> (artifact id: '2b202ca9f2c619ff9c0f8350b7dbe7e4') in 0.153992 seconds 
Number of asset objects unloaded after import = 2
========================================================================
Received Import Request.
  Time since last request: 1.853752 seconds.
  path: Assets/Scripts/Lesson3.shader
  artifactKey: Guid(9e8126afdf0448748835bae6517f9db9) Importer(815301076,1909f56bfc062723c751e8b465ee728b)
Number of updated assets reloaded before import = 0
Start importing Assets/Scripts/Lesson3.shader using Guid(9e8126afdf0448748835bae6517f9db9) Importer(815301076,1909f56bfc062723c751e8b465ee728b)  -> (artifact id: 'ff5475b7149cfc77cfaad6d2454a8ce3') in 0.010784 seconds 
Number of asset objects unloaded after import = 1
========================================================================
Received Import Request.
  Time since last request: 1750.149692 seconds.
  path: Assets/Scripts/Lesson3.mat
  artifactKey: Guid(bf3e5520dfae115439919f1b0909bdc9) Importer(815301076,1909f56bfc062723c751e8b465ee728b)
Number of updated assets reloaded before import = 0
Start importing Assets/Scripts/Lesson3.mat using Guid(bf3e5520dfae115439919f1b0909bdc9) Importer(815301076,1909f56bfc062723c751e8b465ee728b)  -> (artifact id: '885916b2c78cadf23e3ea20f00413505') in 0.079563 seconds 
Number of asset objects unloaded after import = 2
========================================================================
Received Import Request.
  Time since last request: 53.468840 seconds.
  path: Assets/Scripts/Lesson3.mat
  artifactKey: Guid(bf3e5520dfae115439919f1b0909bdc9) Importer(815301076,1909f56bfc062723c751e8b465ee728b)
Number of updated assets reloaded before import = 0
Start importing Assets/Scripts/Lesson3.mat using Guid(bf3e5520dfae115439919f1b0909bdc9) Importer(815301076,1909f56bfc062723c751e8b465ee728b)  -> (artifact id: '961f5497e86e0e87f3618272be6d9c8d') in 0.033470 seconds 
Number of asset objects unloaded after import = 2
========================================================================
Received Import Request.
  Time since last request: 119.706074 seconds.
  path: Assets/Scripts/Lesson3.mat
  artifactKey: Guid(bf3e5520dfae115439919f1b0909bdc9) Importer(815301076,1909f56bfc062723c751e8b465ee728b)
Number of updated assets reloaded before import = 0
Start importing Assets/Scripts/Lesson3.mat using Guid(bf3e5520dfae115439919f1b0909bdc9) Importer(815301076,1909f56bfc062723c751e8b465ee728b)  -> (artifact id: 'd78edd475b4231a3699ba7b07433fc45') in 0.036661 seconds 
Number of asset objects unloaded after import = 2
========================================================================
Received Import Request.
  Time since last request: 661.462065 seconds.
  path: Assets/Scripts/Lesson3.shader
  artifactKey: Guid(9e8126afdf0448748835bae6517f9db9) Importer(815301076,1909f56bfc062723c751e8b465ee728b)
Number of updated assets reloaded before import = 0
Start importing Assets/Scripts/Lesson3.shader using Guid(9e8126afdf0448748835bae6517f9db9) Importer(815301076,1909f56bfc062723c751e8b465ee728b)  -> (artifact id: '12d25366eba1e660814170863982d880') in 0.004613 seconds 
Number of asset objects unloaded after import = 1
