Using pre-set license
Built from '2021.3/staging' branch; Version is '2021.3.39f1 (fb3b7b32f191) revision 16464763'; Using compiler version '192829333'; Build Type 'Release'
OS: 'Windows 10  (10.0.19045) 64bit Professional' Language: 'zh' Physical Memory: 16302 MB
BatchMode: 1, IsHumanControllingUs: 0, StartBugReporterOnCrash: 0, Is64bit: 1, IsPro: 1

COMMAND LINE ARGUMENTS:
D:\Unity\editor\2021.3.39f1\Editor\Unity.exe
-adb2
-batchMode
-noUpm
-name
AssetImportWorker2
-projectPath
E:/My_Project/ZMUIFrameWork课程资料/ZMUIFrameWork
-logFile
Logs/AssetImportWorker2.log
-srvPort
51198
Successfully changed project path to: E:/My_Project/ZMUIFrameWork课程资料/ZMUIFrameWork
E:/My_Project/ZMUIFrameWork课程资料/ZMUIFrameWork
[UnityMemory] Configuration Parameters - Can be set up in boot.config
    "memorysetup-bucket-allocator-granularity=16"
    "memorysetup-bucket-allocator-bucket-count=8"
    "memorysetup-bucket-allocator-block-size=33554432"
    "memorysetup-bucket-allocator-block-count=8"
    "memorysetup-main-allocator-block-size=16777216"
    "memorysetup-thread-allocator-block-size=16777216"
    "memorysetup-gfx-main-allocator-block-size=16777216"
    "memorysetup-gfx-thread-allocator-block-size=16777216"
    "memorysetup-cache-allocator-block-size=4194304"
    "memorysetup-typetree-allocator-block-size=2097152"
    "memorysetup-profiler-bucket-allocator-granularity=16"
    "memorysetup-profiler-bucket-allocator-bucket-count=8"
    "memorysetup-profiler-bucket-allocator-block-size=33554432"
    "memorysetup-profiler-bucket-allocator-block-count=8"
    "memorysetup-profiler-allocator-block-size=16777216"
    "memorysetup-profiler-editor-allocator-block-size=1048576"
    "memorysetup-temp-allocator-size-main=16777216"
    "memorysetup-job-temp-allocator-block-size=2097152"
    "memorysetup-job-temp-allocator-block-size-background=1048576"
    "memorysetup-job-temp-allocator-reduction-small-platforms=262144"
    "memorysetup-temp-allocator-size-background-worker=32768"
    "memorysetup-temp-allocator-size-job-worker=262144"
    "memorysetup-temp-allocator-size-preload-manager=33554432"
    "memorysetup-temp-allocator-size-nav-mesh-worker=65536"
    "memorysetup-temp-allocator-size-audio-worker=65536"
    "memorysetup-temp-allocator-size-cloud-worker=32768"
    "memorysetup-temp-allocator-size-gi-baking-worker=262144"
    "memorysetup-temp-allocator-size-gfx=262144"
Player connection [13408] Host "[IP] 192.168.16.241 [Port] 0 [Flags] 2 [Guid] 3115590558 [EditorId] 3115590558 [Version] 1048832 [Id] WindowsEditor(7,DESKTOP-ID05O6G) [Debug] 1 [PackageName] WindowsEditor [ProjectName] Editor" joined multi-casting on [225.0.0.222:54997]...

Player connection [13408] Host "[IP] 192.168.16.241 [Port] 0 [Flags] 2 [Guid] 3115590558 [EditorId] 3115590558 [Version] 1048832 [Id] WindowsEditor(7,DESKTOP-ID05O6G) [Debug] 1 [PackageName] WindowsEditor [ProjectName] Editor" joined alternative multi-casting on [225.0.0.222:34997]...

[Physics::Module] Initialized MultithreadedJobDispatcher with {0} workers.
Refreshing native plugins compatible for Editor in 42.39 ms, found 0 plugins.
Preloading 0 native plugins for Editor in 0.00 ms.
Initialize engine version: 2021.3.39f1 (fb3b7b32f191)
[Subsystems] Discovering subsystems at path D:/Unity/editor/2021.3.39f1/Editor/Data/Resources/UnitySubsystems
[Subsystems] Discovering subsystems at path E:/My_Project/ZMUIFrameWork课程资料/ZMUIFrameWork/Assets
GfxDevice: creating device client; threaded=0; jobified=0
Direct3D:
    Version:  Direct3D 11.0 [level 11.0]
    Renderer: NVIDIA GeForce GTX 750 Ti (ID=0x1380)
    Vendor:   NVIDIA
    VRAM:     4044 MB
    Driver:   32.0.15.6094
Initialize mono
Mono path[0] = 'D:/Unity/editor/2021.3.39f1/Editor/Data/Managed'
Mono path[1] = 'D:/Unity/editor/2021.3.39f1/Editor/Data/MonoBleedingEdge/lib/mono/unityjit-win32'
Mono config path = 'D:/Unity/editor/2021.3.39f1/Editor/Data/MonoBleedingEdge/etc'
Using monoOptions --debugger-agent=transport=dt_socket,embedding=1,server=y,suspend=n,address=127.0.0.1:56452
Begin MonoManager ReloadAssembly
Registering precompiled unity dll's ...
Register platform support module: D:/Unity/editor/2021.3.39f1/Editor/Data/PlaybackEngines/WindowsStandaloneSupport/UnityEditor.WindowsStandalone.Extensions.dll
Registered in 0.006292 seconds.
Native extension for WindowsStandalone target not found
Refreshing native plugins compatible for Editor in 47.04 ms, found 0 plugins.
Preloading 0 native plugins for Editor in 0.00 ms.
Mono: successfully reloaded assembly
- Completed reload, in  1.557 seconds
Domain Reload Profiling:
	ReloadAssembly (1559ms)
		BeginReloadAssembly (254ms)
			ExecutionOrderSort (0ms)
			DisableScriptedObjects (0ms)
			BackupInstance (0ms)
			ReleaseScriptingObjects (0ms)
			CreateAndSetChildDomain (3ms)
		EndReloadAssembly (1065ms)
			LoadAssemblies (250ms)
			RebuildTransferFunctionScriptingTraits (0ms)
			SetupTypeCache (296ms)
			ReleaseScriptCaches (0ms)
			RebuildScriptCaches (95ms)
			SetupLoadedEditorAssemblies (565ms)
				LogAssemblyErrors (0ms)
				InitializePlatformSupportModulesInManaged (18ms)
				SetLoadedEditorAssemblies (1ms)
				RefreshPlugins (47ms)
				BeforeProcessingInitializeOnLoad (4ms)
				ProcessInitializeOnLoadAttributes (357ms)
				ProcessInitializeOnLoadMethodAttributes (138ms)
				AfterProcessingInitializeOnLoad (0ms)
				EditorAssembliesLoaded (0ms)
			ExecutionOrderSort2 (0ms)
			AwakeInstancesAfterBackupRestoration (0ms)
Platform modules already initialized, skipping
Registering precompiled user dll's ...
Registered in 0.000540 seconds.
Begin MonoManager ReloadAssembly
Native extension for WindowsStandalone target not found
Refreshing native plugins compatible for Editor in 0.46 ms, found 0 plugins.
Preloading 0 native plugins for Editor in 0.00 ms.
Mono: successfully reloaded assembly
- Completed reload, in  1.715 seconds
Domain Reload Profiling:
	ReloadAssembly (1717ms)
		BeginReloadAssembly (330ms)
			ExecutionOrderSort (0ms)
			DisableScriptedObjects (14ms)
			BackupInstance (0ms)
			ReleaseScriptingObjects (0ms)
			CreateAndSetChildDomain (38ms)
		EndReloadAssembly (1151ms)
			LoadAssemblies (205ms)
			RebuildTransferFunctionScriptingTraits (0ms)
			SetupTypeCache (304ms)
			ReleaseScriptCaches (1ms)
			RebuildScriptCaches (117ms)
			SetupLoadedEditorAssemblies (517ms)
				LogAssemblyErrors (0ms)
				InitializePlatformSupportModulesInManaged (10ms)
				SetLoadedEditorAssemblies (1ms)
				RefreshPlugins (1ms)
				BeforeProcessingInitializeOnLoad (100ms)
				ProcessInitializeOnLoadAttributes (337ms)
				ProcessInitializeOnLoadMethodAttributes (59ms)
				AfterProcessingInitializeOnLoad (8ms)
				EditorAssembliesLoaded (0ms)
			ExecutionOrderSort2 (0ms)
			AwakeInstancesAfterBackupRestoration (19ms)
Platform modules already initialized, skipping
========================================================================
Worker process is ready to serve import requests
Launched and connected shader compiler UnityShaderCompiler.exe after 0.09 seconds
Refreshing native plugins compatible for Editor in 0.34 ms, found 0 plugins.
Preloading 0 native plugins for Editor in 0.00 ms.
Unloading 981 Unused Serialized files (Serialized files now loaded: 0)
Unloading 8 unused Assets / (46.5 KB). Loaded Objects now: 1455.
Memory consumption went from 50.3 MB to 50.3 MB.
Total: 6.130000 ms (FindLiveObjects: 0.177100 ms CreateObjectMapping: 0.074100 ms MarkObjects: 5.689300 ms  DeleteObjects: 0.186900 ms)

AssetImportParameters requested are different than current active one (requested -> active):
  custom:video-decoder-ogg-theora: a1e56fd34408186e4bbccfd4996cb3dc -> 
  custom:container-muxer-webm: aa71ff27fc2769a1b78a27578f13a17b -> 
  custom:container-demuxer-webm: 4f35f7cbe854078d1ac9338744f61a02 -> 
  custom:video-encoder-webm-vp8: eb34c28f22e8b96e1ab97ce403110664 -> 
  custom:CustomObjectIndexerAttribute: bc11b3a6c3213fcdd17b65e7da85e133 -> 
  custom:audio-encoder-webm-vorbis: bf7c407c2cedff20999df2af8eb42d56 -> 
  custom:framework-win-MediaFoundation: 216162199b28c13a410421893ffa2e32 -> 
  custom:SearchIndexIgnoredProperties: e643bd26f0fe6173181afceb89e7c659 -> 
  custom:container-demuxer-ogg: 62fdf1f143b41e24485cea50d1cbac27 -> 
  custom:video-decoder-webm-vp8: 9c59270c3fd7afecdb556c50c9e8de78 -> 
  custom:audio-decoder-ogg-vorbis: bf7c407c2cedff20999df2af8eb42d56 -> 
========================================================================
Received Import Request.
  Time since last request: 870702.929465 seconds.
  path: Assets/ZMUIFrameWork/Texture/Background.mp4
  artifactKey: Guid(d8be3095dcee10b4dbe5f4eb3ecae775) Importer(815301076,1909f56bfc062723c751e8b465ee728b)
Number of updated assets reloaded before import = 0
Start importing Assets/ZMUIFrameWork/Texture/Background.mp4 using Guid(d8be3095dcee10b4dbe5f4eb3ecae775) Importer(815301076,1909f56bfc062723c751e8b465ee728b)  -> (artifact id: '386dbcd095ace7c6b00530bc22df67ec') in 0.341357 seconds 
Number of asset objects unloaded after import = 1
========================================================================
Received Import Request.
  Time since last request: 0.000030 seconds.
  path: Assets/ZMUIFrameWork/Texture/Friends.png
  artifactKey: Guid(93c3d4229e4db214fa7ee4a2c87f5ab8) Importer(815301076,1909f56bfc062723c751e8b465ee728b)
Number of updated assets reloaded before import = 0
Start importing Assets/ZMUIFrameWork/Texture/Friends.png using Guid(93c3d4229e4db214fa7ee4a2c87f5ab8) Importer(815301076,1909f56bfc062723c751e8b465ee728b)  -> (artifact id: '82a3394933318cd2c4f1362e8bdeb93e') in 0.229965 seconds 
Number of asset objects unloaded after import = 3
========================================================================
Received Import Request.
  Time since last request: 697.714160 seconds.
  path: Assets/ZMUIFrameWork/Scripts
  artifactKey: Guid(2036854362fda07418f0e7958c98dd88) Importer(815301076,1909f56bfc062723c751e8b465ee728b)
Number of updated assets reloaded before import = 0
Start importing Assets/ZMUIFrameWork/Scripts using Guid(2036854362fda07418f0e7958c98dd88) Importer(815301076,1909f56bfc062723c751e8b465ee728b)  -> (artifact id: '4e2eb2c19b5a7a283ac9e2400168f286') in 0.002684 seconds 
Number of asset objects unloaded after import = 0
========================================================================
Received Import Request.
  Time since last request: 14.490577 seconds.
  path: Assets/ZMUIFrameWork/Scripts/RunTime
  artifactKey: Guid(84972eb86fc568545b262f10580cb890) Importer(815301076,1909f56bfc062723c751e8b465ee728b)
Number of updated assets reloaded before import = 0
Start importing Assets/ZMUIFrameWork/Scripts/RunTime using Guid(84972eb86fc568545b262f10580cb890) Importer(815301076,1909f56bfc062723c751e8b465ee728b)  -> (artifact id: '0dc9891373c55de5ccd4895a37880c67') in 0.002967 seconds 
Number of asset objects unloaded after import = 0
========================================================================
Received Import Request.
  Time since last request: 11.252908 seconds.
  path: Assets/ZMUIFrameWork/Scripts/RunTime/Base
  artifactKey: Guid(fd54cf98ab7e2e64ca96ab7d2484def3) Importer(815301076,1909f56bfc062723c751e8b465ee728b)
Number of updated assets reloaded before import = 0
Start importing Assets/ZMUIFrameWork/Scripts/RunTime/Base using Guid(fd54cf98ab7e2e64ca96ab7d2484def3) Importer(815301076,1909f56bfc062723c751e8b465ee728b)  -> (artifact id: 'dffe56cfae0fc049e7a1571f06d7537a') in 0.002203 seconds 
Number of asset objects unloaded after import = 0
========================================================================
Received Import Request.
  Time since last request: 9.712524 seconds.
  path: Assets/ZMUIFrameWork/Scripts/RunTime/Core
  artifactKey: Guid(b0a19a157cfd711468af53d74407ef77) Importer(815301076,1909f56bfc062723c751e8b465ee728b)
Number of updated assets reloaded before import = 0
Start importing Assets/ZMUIFrameWork/Scripts/RunTime/Core using Guid(b0a19a157cfd711468af53d74407ef77) Importer(815301076,1909f56bfc062723c751e8b465ee728b)  -> (artifact id: '8919c46f69a86b7eb9f4c35c77aee620') in 0.002212 seconds 
Number of asset objects unloaded after import = 0
========================================================================
Received Import Request.
  Time since last request: 45.763318 seconds.
  path: Assets/ZMUIFrameWork/Scripts/RunTime/Base/WindowBehavior.cs
  artifactKey: Guid(9edcfec1cc8a84e43bb4758bb6a6ffa0) Importer(815301076,1909f56bfc062723c751e8b465ee728b)
Number of updated assets reloaded before import = 0
Start importing Assets/ZMUIFrameWork/Scripts/RunTime/Base/WindowBehavior.cs using Guid(9edcfec1cc8a84e43bb4758bb6a6ffa0) Importer(815301076,1909f56bfc062723c751e8b465ee728b)  -> (artifact id: '992aa20efe8cd7a75d7b1b523e26461d') in 0.011557 seconds 
Number of asset objects unloaded after import = 0
========================================================================
Received Import Request.
  Time since last request: 219.688711 seconds.
  path: Assets/ZMUIFrameWork/Scripts/RunTime/Base/WindowBehavior.cs
  artifactKey: Guid(9edcfec1cc8a84e43bb4758bb6a6ffa0) Importer(815301076,1909f56bfc062723c751e8b465ee728b)
Number of updated assets reloaded before import = 0
Start importing Assets/ZMUIFrameWork/Scripts/RunTime/Base/WindowBehavior.cs using Guid(9edcfec1cc8a84e43bb4758bb6a6ffa0) Importer(815301076,1909f56bfc062723c751e8b465ee728b)  -> (artifact id: '8208db6495c18bd316e9536e9409dda3') in 0.002531 seconds 
Number of asset objects unloaded after import = 0
========================================================================
Received Import Request.
  Time since last request: 7.519452 seconds.
  path: Assets/ZMUIFrameWork/Scripts/RunTime/Base/WindowBehaviour.cs
  artifactKey: Guid(9edcfec1cc8a84e43bb4758bb6a6ffa0) Importer(815301076,1909f56bfc062723c751e8b465ee728b)
Number of updated assets reloaded before import = 0
Start importing Assets/ZMUIFrameWork/Scripts/RunTime/Base/WindowBehaviour.cs using Guid(9edcfec1cc8a84e43bb4758bb6a6ffa0) Importer(815301076,1909f56bfc062723c751e8b465ee728b)  -> (artifact id: '414c14c1ade39b6b0a7787cb84fa3354') in 0.002001 seconds 
Number of asset objects unloaded after import = 0
========================================================================
Received Import Request.
  Time since last request: 4613.662175 seconds.
  path: Assets/ZMUIFrameWork/Scripts/RunTime/Base/WindowBehaviour.cs
  artifactKey: Guid(9edcfec1cc8a84e43bb4758bb6a6ffa0) Importer(815301076,1909f56bfc062723c751e8b465ee728b)
Number of updated assets reloaded before import = 0
Start importing Assets/ZMUIFrameWork/Scripts/RunTime/Base/WindowBehaviour.cs using Guid(9edcfec1cc8a84e43bb4758bb6a6ffa0) Importer(815301076,1909f56bfc062723c751e8b465ee728b)  -> (artifact id: '5685beee5fef79dbb90a5a793ee3b01d') in 0.013960 seconds 
Number of asset objects unloaded after import = 0
========================================================================
Received Import Request.
  Time since last request: 3015.584579 seconds.
  path: Assets/ZMUIFrameWork/SampleScene.unity
  artifactKey: Guid(9fc0d4010bbf28b4594072e72b8655ab) Importer(815301076,1909f56bfc062723c751e8b465ee728b)
Number of updated assets reloaded before import = 0
Start importing Assets/ZMUIFrameWork/SampleScene.unity using Guid(9fc0d4010bbf28b4594072e72b8655ab) Importer(815301076,1909f56bfc062723c751e8b465ee728b)  -> (artifact id: '2ca0ed355af68675b4a0f6594e73994d') in 0.020428 seconds 
Number of asset objects unloaded after import = 0
========================================================================
Received Import Request.
  Time since last request: 44.371563 seconds.
  path: Assets/ZMUIFrameWork/Scripts/RunTime/Core/UIModule.cs
  artifactKey: Guid(afc7e5d47ec390d46a91da724e41d6bc) Importer(815301076,1909f56bfc062723c751e8b465ee728b)
Number of updated assets reloaded before import = 0
Start importing Assets/ZMUIFrameWork/Scripts/RunTime/Core/UIModule.cs using Guid(afc7e5d47ec390d46a91da724e41d6bc) Importer(815301076,1909f56bfc062723c751e8b465ee728b)  -> (artifact id: '704bf6342e4065c4d14e1bd7e64700ee') in 0.004151 seconds 
Number of asset objects unloaded after import = 0
========================================================================
Received Import Request.
  Time since last request: 4310.018429 seconds.
  path: Assets/ZMUIFrameWork/Scripts/RunTime/Core/UIModule.cs
  artifactKey: Guid(afc7e5d47ec390d46a91da724e41d6bc) Importer(815301076,1909f56bfc062723c751e8b465ee728b)
Number of updated assets reloaded before import = 0
Start importing Assets/ZMUIFrameWork/Scripts/RunTime/Core/UIModule.cs using Guid(afc7e5d47ec390d46a91da724e41d6bc) Importer(815301076,1909f56bfc062723c751e8b465ee728b)  -> (artifact id: '3f88cc618b5c9112cb236d164225f657') in 0.010450 seconds 
Number of asset objects unloaded after import = 0
========================================================================
Received Import Request.
  Time since last request: 6.988215 seconds.
  path: Assets/ZMUIFrameWork
  artifactKey: Guid(265102ec7952dde4d9954c94fb7df054) Importer(815301076,1909f56bfc062723c751e8b465ee728b)
Number of updated assets reloaded before import = 0
Start importing Assets/ZMUIFrameWork using Guid(265102ec7952dde4d9954c94fb7df054) Importer(815301076,1909f56bfc062723c751e8b465ee728b)  -> (artifact id: '09f4f5c8400c42cc20ea6430549ad8c9') in 0.005364 seconds 
Number of asset objects unloaded after import = 0
========================================================================
Received Import Request.
  Time since last request: 9.118334 seconds.
  path: Assets/ZMUIFrameWork/RESOURCE
  artifactKey: Guid(71f2796f560315248909a761f17f8832) Importer(815301076,1909f56bfc062723c751e8b465ee728b)
Number of updated assets reloaded before import = 0
Start importing Assets/ZMUIFrameWork/RESOURCE using Guid(71f2796f560315248909a761f17f8832) Importer(815301076,1909f56bfc062723c751e8b465ee728b)  -> (artifact id: '7052a7baae404bac3d9073f3d34d8c4b') in 0.003994 seconds 
Number of asset objects unloaded after import = 0
========================================================================
Received Import Request.
  Time since last request: 14.778944 seconds.
  path: Assets/ZMUIFrameWork/Resource
  artifactKey: Guid(71f2796f560315248909a761f17f8832) Importer(815301076,1909f56bfc062723c751e8b465ee728b)
Number of updated assets reloaded before import = 0
Start importing Assets/ZMUIFrameWork/Resource using Guid(71f2796f560315248909a761f17f8832) Importer(815301076,1909f56bfc062723c751e8b465ee728b)  -> (artifact id: '790152c64b9de92babaa7149d37fc62a') in 0.003105 seconds 
Number of asset objects unloaded after import = 0
========================================================================
Received Import Request.
  Time since last request: 21.888136 seconds.
  path: Assets/ZMUIFrameWork/Resource/Window
  artifactKey: Guid(9d78b3f4fe9c74a47893ab5739d93932) Importer(815301076,1909f56bfc062723c751e8b465ee728b)
Number of updated assets reloaded before import = 0
Start importing Assets/ZMUIFrameWork/Resource/Window using Guid(9d78b3f4fe9c74a47893ab5739d93932) Importer(815301076,1909f56bfc062723c751e8b465ee728b)  -> (artifact id: '4136803f37ec01a97c715a492852a80c') in 0.005286 seconds 
Number of asset objects unloaded after import = 0
